<?xml version="1.0" encoding="UTF-8"?>
<!-- Generated by org.testng.reporters.JUnitReportReporter -->
<testsuite skipped="0" hostname="Vinay" name="NewTest" tests="5" failures="0" timestamp="30 Dec 2017 05:48:26 GMT" time="0.025" errors="0">
  <testcase name="Car2" time="0.002" classname="NewTest"/>
  <testcase name="Scooter1" time="0.002" classname="NewTest"/>
  <testcase name="Scooter2" time="0.001" classname="NewTest"/>
  <testcase name="Sedan1" time="0.002" classname="NewTest"/>
  <testcase name="Car1" time="0.018" classname="NewTest"/>
</testsuite> <!-- NewTest -->
